21:21:13 - There is a problem trying to connect to the Database
21:21:13 - SQLSTATE[42S02]: Base table or view not found: 1146 Table 'cruises.cities' doesn't exist
21:21:25 - There is a problem trying to connect to the Database
21:21:25 - SQLSTATE[42S02]: Base table or view not found: 1146 Table 'cruises.cities' doesn't exist
21:21:42 - There is a problem trying to connect to the Database
21:21:42 - Error on the prepare!
21:23:53 - There is a problem trying to connect to the Database
21:23:53 - SQLSTATE[HY000] [1045] Access denied for user 'roota'@'localhost' (using password: NO)
21:24:25 - There is a problem trying to connect to the Database
21:24:25 - SQLSTATE[HY000] [1045] Access denied for user 'roota'@'localhost' (using password: NO)
21:24:28 - There is a problem trying to connect to the Database
21:24:28 - SQLSTATE[HY000] [1045] Access denied for user 'roota'@'localhost' (using password: NO)
21:24:34 - There is a problem trying to connect to the Database
21:24:34 - SQLSTATE[HY000] [1045] Access denied for user 'roota'@'localhost' (using password: NO)
21:24:35 - There is a problem trying to connect to the Database
21:24:35 - SQLSTATE[HY000] [1045] Access denied for user 'roota'@'localhost' (using password: NO)
21:25:29 - There is a problem trying to connect to the Database
21:25:29 - SQLSTATE[HY000] [1045] Access denied for user 'roota'@'localhost' (using password: NO)
21:54:07 - Attraction name is missing.
21:54:07 - Tour information is missing.
22:40:15 - Attraction name is missing.
22:40:15 - Tour information is missing.
22:40:58 - Attraction name is missing.
22:40:58 - Tour information is missing.
22:41:01 - Attraction name is missing.
22:41:01 - Tour information is missing.
22:41:07 - Attraction name is missing.
22:41:07 - Tour information is missing.
22:42:32 - Attraction name is missing.
22:42:32 - Tour information is missing.
22:43:28 - Attraction name is missing.
22:43:28 - Tour information is missing.
22:43:30 - Attraction name is missing.
22:43:30 - Tour information is missing.
22:43:31 - Attraction name is missing.
22:43:31 - Tour information is missing.
22:44:00 - Attraction name is missing.
22:44:00 - Tour information is missing.
22:44:02 - Attraction name is missing.
22:44:02 - Tour information is missing.
22:44:06 - Attraction name is missing.
22:44:06 - Tour information is missing.
22:46:11 - Attraction name is missing.
22:46:11 - Tour information is missing.
22:46:45 - Attraction name is missing.
22:46:45 - Tour information is missing.
22:46:46 - Attraction name is missing.
22:46:46 - Tour information is missing.
22:46:59 - Attraction name is missing.
22:46:59 - Tour information is missing.
22:47:00 - Attraction name is missing.
22:47:00 - Tour information is missing.
22:48:52 - Attraction name is missing.
22:48:52 - Tour information is missing.
22:48:55 - Attraction name is missing.
22:48:55 - Tour information is missing.
22:49:00 - Attraction name is missing.
22:49:00 - Tour information is missing.
22:49:31 - Attraction name is missing.
22:49:31 - Tour information is missing.
22:49:38 - Ship information is missing.
22:49:38 - Duration information is missing.
22:49:38 - Departure information is missing.
22:49:38 - Destiny information is missing.
22:51:00 - Attraction name is missing.
22:51:00 - Tour information is missing.
22:52:23 - Attraction name is missing.
22:52:23 - Tour information is missing.
22:53:40 - Attraction name is missing.
22:53:40 - Tour information is missing.
22:54:52 - Attraction name is missing.
22:54:52 - Tour information is missing.
23:00:09 - Attraction name is missing.
23:00:09 - Tour information is missing.
23:00:30 - Attraction name is missing.
23:00:30 - Tour information is missing.
23:00:35 - Ship name is missing.
23:00:35 - Year of service is missing.
23:01:13 - Ship name is missing.
23:01:13 - Year of service is missing.
23:01:16 - Ship name is missing.
23:01:16 - Year of service is missing.
23:01:23 - Attraction name is missing.
23:01:23 - Tour information is missing.
